<?xml version="1.0" encoding="UTF-8"?>
<!-- Generated by org.testng.reporters.JUnitReportReporter -->
<testsuite hostname="monisha-HP-280-G1-MT-Business-PC" failures="0" tests="1" name="TestCases.LoginTC" time="53.524" errors="0" timestamp="2024-07-06T09:55:48 IST" skipped="0">
  <testcase classname="TestCases.LoginTC" name="loginverification_nims_dxb" time="53.524"/>
  <system-out/>
</testsuite> <!-- TestCases.LoginTC -->
